<?xml version="1.0" encoding="UTF-8"?>
<testng-results ignored="0" total="1" passed="1" failed="0" skipped="0">
  <reporter-output>
  </reporter-output>
  <suite started-at="2025-12-24T11:08:45 IST" name="Default suite" finished-at="2025-12-24T11:08:48 IST" duration-ms="3204">
    <groups>
    </groups>
    <test started-at="2025-12-24T11:08:45 IST" name="Default test" finished-at="2025-12-24T11:08:48 IST" duration-ms="3204">
      <class name="DynamicJason">
        <test-method signature="Dypayload()[pri:0, instance:DynamicJason@49139829]" started-at="2025-12-24T11:08:45 IST" name="Dypayload" finished-at="2025-12-24T11:08:48 IST" duration-ms="3158" status="PASS">
          <reporter-output>
          </reporter-output>
        </test-method> <!-- Dypayload -->
      </class> <!-- DynamicJason -->
    </test> <!-- Default test -->
  </suite> <!-- Default suite -->
</testng-results>
